Arguments: 
  /usr/local/bin/node /home/lzibelli/.yarn/bin/yarn.js init

PATH: 
  /home/lzibelli/.yarn/bin:/home/lzibelli/bin:/home/lzibelli/.local/bin:/usr/local/sbin:/usr/local/bin:/usr/sbin:/usr/bin:/sbin:/bin:/usr/games:/usr/local/games:/snap/bin

Yarn version: 
  1.3.2

Node version: 
  9.2.1

Platform: 
  linux x64

npm manifest: 
  {
    "name": "React",
    "version": "1.0.0",
    "main": "index.js",
    "license": "MIT"
  }

yarn manifest: 
  No manifest

Lockfile: 
  No lockfile

Trace: 
  Error: canceled
      at Interface.<anonymous> (/home/lzibelli/.yarn/lib/cli.js:121045:13)
      at Interface.emit (events.js:159:13)
      at Interface._ttyWrite (readline.js:786:16)
      at ReadStream.onkeypress (readline.js:165:10)
      at ReadStream.emit (events.js:159:13)
      at emitKeys (internal/readline.js:420:14)
      at emitKeys.next (<anonymous>)
      at ReadStream.onData (readline.js:1022:36)
      at ReadStream.emit (events.js:159:13)
      at addChunk (_stream_readable.js:265:12)
